Running main() from /home/parallels/autograder/csci-366-fall2022/grading/scripts/repos/jace_zavarelli/c/homework/lib/googletest/src/gtest_main.cc
[==========] Running 2 tests from 2 test suites.
[----------] Global test environment set-up.
[----------] 1 test from print_binary_representation
[ RUN      ] print_binary_representation.works
00000000000000000000000000000000
/home/parallels/autograder/csci-366-fall2022/grading/scripts/repos/jace_zavarelli/c/homework/c_homework.cpp:37: Failure
Expected equality of these values:
  "0b00000000000000000000000000000000"
  print_binary_representation(0, buffer)
    Which is: "0b"
00000000000000000000000000000001
/home/parallels/autograder/csci-366-fall2022/grading/scripts/repos/jace_zavarelli/c/homework/c_homework.cpp:38: Failure
Expected equality of these values:
  "0b00000000000000000000000000000001"
  print_binary_representation(1, buffer)
    Which is: "0b"
00000000000000000000000000000010
/home/parallels/autograder/csci-366-fall2022/grading/scripts/repos/jace_zavarelli/c/homework/c_homework.cpp:39: Failure
Expected equality of these values:
  "0b00000000000000000000000000000010"
  print_binary_representation(2, buffer)
    Which is: "0b"
00000000000000000000000000000011
/home/parallels/autograder/csci-366-fall2022/grading/scripts/repos/jace_zavarelli/c/homework/c_homework.cpp:40: Failure
Expected equality of these values:
  "0b00000000000000000000000000000011"
  print_binary_representation(3, buffer)
    Which is: "0b"
00000000000000000000000000000100
/home/parallels/autograder/csci-366-fall2022/grading/scripts/repos/jace_zavarelli/c/homework/c_homework.cpp:41: Failure
Expected equality of these values:
  "0b00000000000000000000000000000100"
  print_binary_representation(4, buffer)
    Which is: "0b"
00000001110111111001101001000010
/home/parallels/autograder/csci-366-fall2022/grading/scripts/repos/jace_zavarelli/c/homework/c_homework.cpp:42: Failure
Expected equality of these values:
  "0b00000001110111111001101001000010"
  print_binary_representation(31431234, buffer)
    Which is: "0b"
00011011111000100100001101011101
/home/parallels/autograder/csci-366-fall2022/grading/scripts/repos/jace_zavarelli/c/homework/c_homework.cpp:43: Failure
Expected equality of these values:
  "0b00011011111000100100001101011101"
  print_binary_representation(467813213, buffer)
    Which is: "0b"
11111111111111111111111111111111
/home/parallels/autograder/csci-366-fall2022/grading/scripts/repos/jace_zavarelli/c/homework/c_homework.cpp:44: Failure
Expected equality of these values:
  "0b11111111111111111111111111111111"
  print_binary_representation((4294967295U), buffer)
    Which is: "0b\x1\x1\x1\x1\x1\x1\x1\x1\x1\x1\x1\x1\x1\x1\x1\x1\x1\x1\x1\x1\x1\x1\x1\x1\x1\x1\x1\x1\x1\x1\x1\x1"
[  FAILED  ] print_binary_representation.works (0 ms)
[----------] 1 test from print_binary_representation (0 ms total)

[----------] 1 test from set_my_age
[ RUN      ] set_my_age.works
[       OK ] set_my_age.works (0 ms)
[----------] 1 test from set_my_age (0 ms total)

[----------] Global test environment tear-down
[==========] 2 tests from 2 test suites ran. (0 ms total)
[  PASSED  ] 1 test.
[  FAILED  ] 1 test, listed below:
[  FAILED  ] print_binary_representation.works

 1 FAILED TEST
